24b0 app_context::start_logger  476 ---- 2025/02/11 14:23:50.074 -------------------------------------------------
24b0 app_context::start_logger  479 Host process is 'cmd.exe' (pid 9392)
24b0 app_context::start_logger  483 DLL path is 'C:\Users\Olga.Kutuzova\Desktop\Javascript\cmder\vendor\clink'
24b0 app_context::start_logger  498 Windows version 10.0.26100 (x64)
24b0 app_context::start_logger  500 Clink version 1.6.14.93b83f (x64)
24b0 hook_setter::hook_setter  159 >>> Started hook transaction.
24b0 hook_setter::attach_iat   316 Attempting to hook SetEnvironmentVariableW in IAT for module 00007FF6A5630000.
24b0 pe_info::iterate_imports  195 Found import in 'api-ms-win-core-processenvironment-l1-1-0.dll'
24b0 find_iat                  124 Found import at 00007FF6A566AE50 (value is 00007FFB6D3BCD90).
24b0 hook_setter::attach_iat   316 Attempting to hook SetEnvironmentStringsW in IAT for module 00007FF6A5630000.
24b0 pe_info::iterate_imports  195 Found import in 'api-ms-win-core-processenvironment-l1-1-0.dll'
24b0 find_iat                  124 Found import at 00007FF6A566AE48 (value is 00007FFB6D3CED80).
24b0 hook_setter::attach_iat   316 Attempting to hook WriteConsoleW in IAT for module 00007FF6A5630000.
24b0 pe_info::iterate_imports  195 Found import in 'api-ms-win-core-console-l1-1-0.dll'
24b0 find_iat                  124 Found import at 00007FF6A566AAB0 (value is 00007FFB6D3B70D0).
24b0 hook_setter::attach_iat   316 Attempting to hook GetEnvironmentVariableW in IAT for module 00007FF6A5630000.
24b0 pe_info::iterate_imports  195 Found import in 'api-ms-win-core-processenvironment-l1-1-0.dll'
24b0 find_iat                  124 Found import at 00007FF6A566AE68 (value is 00007FFB6D394BD0).
24b0 hook_setter::commit       207 <<< Hook transaction committed.
24b0 hook_setter::hook_setter  159 >>> Started hook transaction.
24b0 hook_setter::detach_iat   359 Attempting to unhook 00007FFB19E55200 from GetEnvironmentVariableW in IAT for module 00007FF6A5630000.
24b0 pe_info::iterate_imports  195 Found import in 'api-ms-win-core-processenvironment-l1-1-0.dll'
24b0 find_iat                  124 Found import at 00007FF6A566AE68 (value is 00007FFB19E55200).
24b0 hook_setter::commit       207 <<< Hook transaction committed.
24b0 hook_setter::hook_setter  159 >>> Started hook transaction.
24b0 hook_setter::attach_iat   316 Attempting to hook ReadConsoleW in IAT for module 00007FF6A5630000.
24b0 pe_info::iterate_imports  195 Found import in 'api-ms-win-core-console-l1-1-0.dll'
24b0 find_iat                  124 Found import at 00007FF6A566AA90 (value is 00007FFB6D3D2E30).
24b0 hook_setter::commit       207 <<< Hook transaction committed.
24b0 hook_setter::hook_setter  159 >>> Started hook transaction.
24b0 hook_setter::attach_iat   316 Attempting to hook SetConsoleTitleW in IAT for module 00007FF6A5630000.
24b0 pe_info::iterate_imports  195 Found import in 'api-ms-win-core-console-l2-2-0.dll'
24b0 find_iat                  124 Found import at 00007FF6A566AB10 (value is 00007FFB6D3A6F30).
24b0 hook_setter::commit       207 <<< Hook transaction committed.
24b0 win_screen_buffer::begin  366 Using native terminal support (auto mode found 'ConEmuHk64.dll').
24b0 reset_handle              144 resetting mismatched stdin handle
24b0 reset_handle              144 resetting mismatched stdout handle
24b0 reset_handle              144 resetting mismatched stderr handle
24b0 reset_handle              144 resetting mismatched stdout handle
24b0 reset_handle              144 resetting mismatched stderr handle
24b0 host_lua::load_scripts    192 Loaded 2 Lua scripts in 488 ms
24b0 history_db::initialise   1321 master bank ctag: |CTAG_1738677112_619849593_1332_0
24b0 history_db::compact      1599 History:  0 active, 0 deleted
24b0 @~clink~/app/update.lua   425 Clink updater: latest release is v1.7.10; install type is zip.
24b0 @~clink~/app/update.lua   451 Clink updater: downloading https://github.com/chrisant996/clink/releases/download/v1.7.10/clink.1.7.10.e3c993.zip to C:\Users\OLGA~1.KUT\AppData\Local\Temp\2\clink\updater\v1.7.10.zip.
24b0 @~clink~/app/update.lua   577 Clink updater: update in C:\Users\OLGA~1.KUT\AppData\Local\Temp\2\clink\updater\v1.7.10.zip is ready to be applied.
